<?xml version="1.0" encoding="UTF-8"?>
<!-- Generated by org.testng.reporters.JUnitXMLReporter -->
<testsuite hostname="Admin-PC" ignored="0" name="Test" tests="1" failures="1" timestamp="11 Apr 2019 22:58:16 GMT" time="29.1" errors="0">
  <testcase name="ckeckloginfunc" time="29.038" classname="package1.TC1">
    <failure type="java.lang.NullPointerException">
      <![CDATA[java.lang.NullPointerException
at package1.TC1.ckeckloginfunc(TC1.java:27)
... Removed 29 stack frames]]>
    </failure>
  </testcase> <!-- ckeckloginfunc -->
</testsuite> <!-- Test -->
