-------------------------------------------------------------------------------
Test set: TestSuite
-------------------------------------------------------------------------------
Tests run: 1, Failures: 1, Errors: 0, Skipped: 0, Time elapsed: 30.216 s <<< FAILURE! - in TestSuite
ckeckloginfunc(package1.TC1)  Time elapsed: 29.08 s  <<< FAILURE!
java.lang.NullPointerException
	at package1.TC1.ckeckloginfunc(TC1.java:27)

