<?xml version="1.0" encoding="UTF-8"?>
<testsuite xmlns:xsi="http://www.w3.org/2001/XMLSchema-instance" xsi:noNamespaceSchemaLocation="https://maven.apache.org/surefire/maven-surefire-plugin/xsd/surefire-test-report-3.0.xsd" version="3.0" name="TestSuite" time="30.216" tests="1" errors="0" skipped="0" failures="1">
  <properties>
[...]
</properties>
  <testcase name="ckeckloginfunc" classname="package1.TC1" time="29.08">
    <failure type="java.lang.NullPointerException">java.lang.NullPointerException
	at package1.TC1.ckeckloginfunc(TC1.java:27)
</failure>
    <system-err><![CDATA[1555023468465	geckodriver	INFO	geckodriver 0.21.0
1555023468479	geckodriver	INFO	Listening on 127.0.0.1:35981
1555023469186	mozrunner::runner	INFO	Running command: "C:\\Program Files\\Mozilla Firefox\\firefox.exe" "-marionette" "-foreground" "-no-remote" "-profile" "C:\\Users\\Admin\\AppData\\Local\\Temp\\rust_mozprofile.Z9C4yZYkKllp"
1555023471925	Marionette	DEBUG	Received observer notification profile-after-change
1555023472145	Marionette	DEBUG	Received observer notification toplevel-window-ready
1555023472191	Marionette	DEBUG	Received observer notification command-line-startup
1555023472191	Marionette	DEBUG	Received observer notification nsPref:changed
1555023472192	Marionette	DEBUG	Init aborted (running=false, enabled=true, finalUIStartup=false)
1555023473075	Marionette	DEBUG	Received observer notification toplevel-window-ready
1555023477384	Marionette	DEBUG	Received observer notification sessionstore-windows-restored
1555023477384	Marionette	DEBUG	GFX sanity window detected, waiting until it has been closed...
1555023482855	Marionette	DEBUG	Received observer notification domwindowclosed
1555023482855	Marionette	DEBUG	Waiting for delayed startup...
[Child 6852, Chrome_ChildThread] WARNING: pipe error: 109: file z:/build/build/src/ipc/chromium/src/chrome/common/ipc_channel_win.cc, line 346
[Child 6852, Chrome_ChildThread] WARNING: pipe error: 109: file z:/build/build/src/ipc/chromium/src/chrome/common/ipc_channel_win.cc, line 346
1555023482899	Marionette	DEBUG	Setting recommended pref app.update.disabledForTesting to true
1555023482899	Marionette	DEBUG	Setting recommended pref security.turn_off_all_security_so_that_viruses_can_take_over_this_computer to true
1555023482900	Marionette	DEBUG	Setting recommended pref apz.content_response_timeout to 60000
1555023482900	Marionette	DEBUG	Setting recommended pref browser.download.panel.shown to true
1555023482900	Marionette	DEBUG	Setting recommended pref browser.pagethumbnails.capturing_disabled to true
1555023482901	Marionette	DEBUG	Setting recommended pref browser.search.update to false
1555023482901	Marionette	DEBUG	Setting recommended pref toolkit.cosmeticAnimations.enabled to false
1555023482904	Marionette	DEBUG	Setting recommended pref browser.tabs.disableBackgroundZombification to false
1555023482904	Marionette	DEBUG	Setting recommended pref browser.tabs.warnOnCloseOtherTabs to false
1555023482904	Marionette	DEBUG	Setting recommended pref browser.tabs.warnOnOpen to false
1555023482905	Marionette	DEBUG	Setting recommended pref browser.usedOnWindows10.introURL to 
1555023482905	Marionette	DEBUG	Setting recommended pref browser.urlbar.suggest.searches to false
1555023482907	Marionette	DEBUG	Setting recommended pref datareporting.policy.dataSubmissionPolicyAccepted to false
1555023482907	Marionette	DEBUG	Setting recommended pref dom.disable_beforeunload to true
1555023482907	Marionette	DEBUG	Setting recommended pref dom.disable_open_during_load to false
1555023482907	Marionette	DEBUG	Setting recommended pref dom.file.createInChild to true
1555023482908	Marionette	DEBUG	Setting recommended pref dom.max_chrome_script_run_time to 0
1555023482908	Marionette	DEBUG	Setting recommended pref dom.max_script_run_time to 0
1555023482910	Marionette	DEBUG	Setting recommended pref extensions.getAddons.cache.enabled to false
1555023482910	Marionette	DEBUG	Setting recommended pref extensions.webservice.discoverURL to http://%(server)s/dummy/discoveryURL
1555023482910	Marionette	DEBUG	Setting recommended pref network.http.prompt-temp-redirect to false
1555023482910	Marionette	DEBUG	Setting recommended pref network.http.speculative-parallel-limit to 0
1555023482918	Marionette	DEBUG	Setting recommended pref security.fileuri.strict_origin_policy to false
1555023482918	Marionette	DEBUG	Setting recommended pref security.notification_enable_delay to 0
1555023482918	Marionette	DEBUG	Setting recommended pref signon.autofillForms to false
1555023482919	Marionette	DEBUG	Setting recommended pref signon.rememberSignons to false
1555023483005	Marionette	INFO	Listening on port 50042
1555023483005	Marionette	DEBUG	Remote service is active
1555023483395	Marionette	DEBUG	Accepted connection 0 from 127.0.0.1:64278
1555023483398	Marionette	TRACE	0 -> [0,1,"WebDriver:NewSession",{"acceptInsecureCerts":true,"browserName":"firefox","capabilities":{"desiredCapabilities":{"acceptInsecureCerts":true,"browserName":"firefox"}}}]
1555023483401	Marionette	WARN	TLS certificate errors will be ignored for this session
1555023483470	Marionette	DEBUG	[6442450945] Frame script loaded
1555023484211	Marionette	DEBUG	[6442450945] Frame script registered
1555023484224	Marionette	TRACE	0 <- [1,1,null,{"sessionId":"4089b4d4-d501-4ca2-a521-3b0f16ad334f","capabilities":{"browserName":"firefox","browserVersion":"63.0. ... alse,"moz:webdriverClick":true,"capabilities":{"desiredCapabilities":{"acceptInsecureCerts":true,"browserName":"firefox"}}}}]
Apr 11, 2019 3:58:04 PM org.openqa.selenium.remote.ProtocolHandshake createSession
INFO: Detected dialect: W3C
1555023484604	Marionette	TRACE	0 -> [0,2,"WebDriver:Navigate",{"url":"http://www.demo.guru99.com/V4/"}]
1555023484618	Marionette	DEBUG	[6442450945] Received DOM event beforeunload for about:blank
1555023486807	Marionette	DEBUG	[6442450945] Received DOM event pagehide for about:blank
1555023491304	Marionette	DEBUG	[6442450945] Received DOM event DOMContentLoaded for http://www.demo.guru99.com/V4/
1555023491619	Marionette	DEBUG	[6442450945] Received observer notification outer-window-destroyed
1555023496657	Marionette	DEBUG	[6442450945] Received DOM event pageshow for http://www.demo.guru99.com/V4/
1555023496663	Marionette	TRACE	0 <- [1,2,null,{"value":null}]
]]></system-err>
  </testcase>
</testsuite>